<?xml version="1.0" encoding="UTF-8"?>
<!-- Generated by org.testng.reporters.JUnitReportReporter -->
<testsuite hostname="dv-weshao-1" name="test.TestNGDemo2" tests="1" failures="0" timestamp="6 Jun 2019 14:58:56 GMT" time="3.496" errors="0">
  <testcase name="testCase3" time="3.496" classname="test.TestNGDemo2"/>
</testsuite> <!-- test.TestNGDemo2 -->
