<?xml version="1.0" encoding="UTF-8"?>
<!-- Generated by org.testng.reporters.JUnitReportReporter -->
<testsuite hostname="dv-weshao-1" name="test.TestNGDemo" tests="1" failures="0" timestamp="6 Jun 2019 14:58:56 GMT" time="3.251" errors="0">
  <testcase name="testCase1" time="3.251" classname="test.TestNGDemo"/>
</testsuite> <!-- test.TestNGDemo -->
