<?xml version="1.0" encoding="UTF-8"?>
<!-- Generated by org.testng.reporters.JUnitReportReporter -->
<testsuite hostname="dv-weshao-1" name="demo.TestNGDependencyDemo" tests="2" failures="0" timestamp="10 Jun 2019 06:54:58 GMT" time="0.031" errors="0">
  <testcase name="test2" time="0.015" classname="demo.TestNGDependencyDemo"/>
  <testcase name="test1" time="0.016" classname="demo.TestNGDependencyDemo"/>
</testsuite> <!-- demo.TestNGDependencyDemo -->
