<?xml version="1.0" encoding="UTF-8"?>
<!-- Generated by org.testng.reporters.JUnitReportReporter -->
<testsuite hostname="dv-weshao-1" name="demo.TestNGGroupsDemo" tests="2" failures="0" timestamp="10 Jun 2019 05:26:47 GMT" time="0.015" errors="0">
  <testcase name="test1" time="0.015" classname="demo.TestNGGroupsDemo"/>
  <testcase name="test2" time="0.000" classname="demo.TestNGGroupsDemo"/>
</testsuite> <!-- demo.TestNGGroupsDemo -->
