<?xml version="1.0" encoding="UTF-8"?>
<!-- Generated by org.testng.reporters.JUnitReportReporter -->
<testsuite hostname="dv-weshao-1" name="utils.ExcelDataProvider" tests="2" failures="0" timestamp="9 Jun 2019 12:41:22 GMT" time="0.015" errors="0">
  <testcase name="test1" time="0.000" classname="utils.ExcelDataProvider"/>
  <testcase name="test1" time="0.015" classname="utils.ExcelDataProvider"/>
</testsuite> <!-- utils.ExcelDataProvider -->
