<?xml version="1.0" encoding="UTF-8"?>
<!-- Generated by org.testng.reporters.JUnitReportReporter -->
<testsuite hostname="dv-weshao-1" name="demo.TestNGParametersDemo" tests="1" failures="0" timestamp="10 Jun 2019 06:45:50 GMT" time="0.031" errors="0">
  <testcase name="test" time="0.031" classname="demo.TestNGParametersDemo"/>
</testsuite> <!-- demo.TestNGParametersDemo -->
