<?xml version="1.0" encoding="UTF-8"?>
<!-- Generated by org.testng.reporters.JUnitReportReporter -->
<testsuite hostname="dv-weshao-1" name="test.BasicExtentReportTestNG" tests="2" failures="0" timestamp="26 May 2019 11:46:17 GMT" time="3.014" errors="0">
  <testcase name="test2" time="0.000" classname="test.BasicExtentReportTestNG"/>
  <testcase name="googleSearchTest" time="3.014" classname="test.BasicExtentReportTestNG"/>
</testsuite> <!-- test.BasicExtentReportTestNG -->
