<?xml version="1.0" encoding="UTF-8"?>
<!-- Generated by org.testng.reporters.JUnitReportReporter -->
<testsuite hostname="dv-weshao-1" name="listeners.TestNGListenerDemo" tests="1" failures="0" timestamp="9 Jun 2019 13:56:26 GMT" time="0.016" errors="0">
  <testcase name="test1" time="0.016" classname="listeners.TestNGListenerDemo"/>
</testsuite> <!-- listeners.TestNGListenerDemo -->
